-------------------------------------------------------------------------------
Test set: com.app.GetwayApplicationTests
-------------------------------------------------------------------------------
Tests run: 1, Failures: 0, Errors: 1, Skipped: 0, Time elapsed: 5.018 s <<< FAILURE! - in com.app.GetwayApplicationTests
contextLoads  Time elapsed: 0.01 s  <<< ERROR!
java.lang.IllegalStateException: Failed to load ApplicationContext
Caused by: org.springframework.beans.factory.support.BeanDefinitionOverrideException: Invalid bean definition with name 'discoveryClientRouteDefinitionLocator' defined in class path resource [org/springframework/cloud/gateway/discovery/GatewayDiscoveryClientAutoConfiguration$ReactiveDiscoveryClientRouteDefinitionLocatorConfiguration.class]: Cannot register bean definition [Root bean: class [null]; scope=; abstract=false; lazyInit=null; autowireMode=3; dependencyCheck=0; autowireCandidate=true; primary=false; factoryBeanName=org.springframework.cloud.gateway.discovery.GatewayDiscoveryClientAutoConfiguration$ReactiveDiscoveryClientRouteDefinitionLocatorConfiguration; factoryMethodName=discoveryClientRouteDefinitionLocator; initMethodName=null; destroyMethodName=(inferred); defined in class path resource [org/springframework/cloud/gateway/discovery/GatewayDiscoveryClientAutoConfiguration$ReactiveDiscoveryClientRouteDefinitionLocatorConfiguration.class]] for bean 'discoveryClientRouteDefinitionLocator': There is already [Root bean: class [null]; scope=; abstract=false; lazyInit=null; autowireMode=3; dependencyCheck=0; autowireCandidate=true; primary=false; factoryBeanName=getwayApplication; factoryMethodName=discoveryClientRouteDefinitionLocator; initMethodName=null; destroyMethodName=(inferred); defined in com.app.GetwayApplication] bound.

